app/build/intermediates/manifest_merge_blame_file/debug/manifest-merger-blame-debug-report.txt
1<?xml version="1.0" encoding="utf-8"?>
2<manifest xmlns:android="http://schemas.android.com/apk/res/android"
3    package="com.example.dona"
4    android:versionCode="1"
5    android:versionName="1.0" >
6
7    <uses-sdk
8        android:minSdkVersion="22"
8-->src/main/AndroidManifest.xml
9        android:targetSdkVersion="31" />
9-->src/main/AndroidManifest.xml
10
11    <uses-permission android:name="android.permission.ACCESS_NETWORK_STATE" />
11-->[com.firebaseui:firebase-ui-auth:6.1.0] AndroidManifest.xml:12:5-79
11-->[com.firebaseui:firebase-ui-auth:6.1.0] AndroidManifest.xml:12:22-76
12    <uses-permission android:name="android.permission.INTERNET" />
12-->[com.firebaseui:firebase-ui-auth:6.1.0] AndroidManifest.xml:13:5-67
12-->[com.firebaseui:firebase-ui-auth:6.1.0] AndroidManifest.xml:13:22-64
13    <uses-permission android:name="android.permission.WAKE_LOCK" />
13-->[com.google.android.gms:play-services-measurement-api:20.0.0] AndroidManifest.xml:24:5-68
13-->[com.google.android.gms:play-services-measurement-api:20.0.0] AndroidManifest.xml:24:22-65
14    <uses-permission android:name="com.google.android.finsky.permission.BIND_GET_INSTALL_REFERRER_SERVICE" />
14-->[com.google.android.gms:play-services-measurement:20.0.0] AndroidManifest.xml:26:5-110
14-->[com.google.android.gms:play-services-measurement:20.0.0] AndroidManifest.xml:26:22-107
15
16    <queries>
16-->[androidx.media:media:1.4.1] AndroidManifest.xml:24:5-28:15
17        <intent>
17-->[androidx.media:media:1.4.1] AndroidManifest.xml:25:9-27:18
18            <action android:name="android.media.browse.MediaBrowserService" />
18-->[androidx.media:media:1.4.1] AndroidManifest.xml:26:13-79
18-->[androidx.media:media:1.4.1] AndroidManifest.xml:26:21-76
19        </intent>
20    </queries>
21
22    <application
22-->src/main/AndroidManifest.xml:5:5-33:19
23        android:allowBackup="true"
23-->src/main/AndroidManifest.xml:6:9-35
24        android:appComponentFactory="androidx.core.app.CoreComponentFactory"
24-->[androidx.core:core:1.7.0] AndroidManifest.xml:24:18-86
25        android:debuggable="true"
26        android:icon="@mipmap/ic_launcher"
26-->src/main/AndroidManifest.xml:7:9-43
27        android:label="@string/app_name"
27-->src/main/AndroidManifest.xml:8:9-41
28        android:supportsRtl="true"
28-->src/main/AndroidManifest.xml:9:9-35
29        android:testOnly="true"
30        android:theme="@style/Theme.Dona" >
30-->src/main/AndroidManifest.xml:10:9-42
31        <activity
31-->src/main/AndroidManifest.xml:11:9-21:20
32            android:name="com.misiontic2022.dona.SplashActivity"
32-->src/main/AndroidManifest.xml:12:13-65
33            android:exported="true"
33-->src/main/AndroidManifest.xml:13:13-36
34            android:screenOrientation="portrait" >
34-->src/main/AndroidManifest.xml:14:13-49
35            <intent-filter>
35-->src/main/AndroidManifest.xml:15:13-19:29
36                <action android:name="android.intent.action.MAIN" />
36-->src/main/AndroidManifest.xml:16:17-69
36-->src/main/AndroidManifest.xml:16:25-66
37
38                <category android:name="android.intent.category.LAUNCHER" />
38-->src/main/AndroidManifest.xml:18:17-77
38-->src/main/AndroidManifest.xml:18:27-74
39            </intent-filter>
40        </activity>
41        <activity
41-->src/main/AndroidManifest.xml:22:9-26:47
42            android:name="com.misiontic2022.dona.Home1Activity"
42-->src/main/AndroidManifest.xml:23:13-64
43            android:exported="false"
43-->src/main/AndroidManifest.xml:24:13-37
44            android:label="@string/title_activity_home1"
44-->src/main/AndroidManifest.xml:25:13-57
45            android:theme="@style/Apptheme" />
45-->src/main/AndroidManifest.xml:26:13-44
46        <activity
46-->src/main/AndroidManifest.xml:27:9-32:20
47            android:name="com.misiontic2022.dona.AuthActivity"
47-->src/main/AndroidManifest.xml:28:13-63
48            android:exported="true"
48-->src/main/AndroidManifest.xml:29:13-36
49            android:theme="@style/SplashTheme" >
49-->src/main/AndroidManifest.xml:30:13-47
50        </activity>
51
52        <meta-data
52-->[com.firebaseui:firebase-ui-auth:6.1.0] AndroidManifest.xml:16:9-18:69
53            android:name="com.google.android.gms.version"
53-->[com.firebaseui:firebase-ui-auth:6.1.0] AndroidManifest.xml:17:13-58
54            android:value="@integer/google_play_services_version" />
54-->[com.firebaseui:firebase-ui-auth:6.1.0] AndroidManifest.xml:18:13-66
55        <meta-data
55-->[com.firebaseui:firebase-ui-auth:6.1.0] AndroidManifest.xml:19:9-21:63
56            android:name="com.facebook.sdk.ApplicationId"
56-->[com.firebaseui:firebase-ui-auth:6.1.0] AndroidManifest.xml:20:13-58
57            android:value="@string/facebook_application_id" />
57-->[com.firebaseui:firebase-ui-auth:6.1.0] AndroidManifest.xml:21:13-60
58
59        <activity
59-->[com.firebaseui:firebase-ui-auth:6.1.0] AndroidManifest.xml:23:9-27:61
60            android:name="com.firebase.ui.auth.KickoffActivity"
60-->[com.firebaseui:firebase-ui-auth:6.1.0] AndroidManifest.xml:24:13-64
61            android:exported="false"
61-->[com.firebaseui:firebase-ui-auth:6.1.0] AndroidManifest.xml:25:13-37
62            android:label=""
62-->[com.firebaseui:firebase-ui-auth:6.1.0] AndroidManifest.xml:26:13-29
63            android:theme="@style/FirebaseUI.Transparent" />
63-->[com.firebaseui:firebase-ui-auth:6.1.0] AndroidManifest.xml:27:13-58
64        <activity
64-->[com.firebaseui:firebase-ui-auth:6.1.0] AndroidManifest.xml:28:9-32:61
65            android:name="com.firebase.ui.auth.ui.idp.SingleSignInActivity"
65-->[com.firebaseui:firebase-ui-auth:6.1.0] AndroidManifest.xml:29:13-76
66            android:exported="false"
66-->[com.firebaseui:firebase-ui-auth:6.1.0] AndroidManifest.xml:30:13-37
67            android:label=""
67-->[com.firebaseui:firebase-ui-auth:6.1.0] AndroidManifest.xml:31:13-29
68            android:theme="@style/FirebaseUI.Transparent" />
68-->[com.firebaseui:firebase-ui-auth:6.1.0] AndroidManifest.xml:32:13-58
69        <activity
69-->[com.firebaseui:firebase-ui-auth:6.1.0] AndroidManifest.xml:33:9-37:61
70            android:name="com.firebase.ui.auth.ui.credentials.CredentialSaveActivity"
70-->[com.firebaseui:firebase-ui-auth:6.1.0] AndroidManifest.xml:34:13-86
71            android:exported="false"
71-->[com.firebaseui:firebase-ui-auth:6.1.0] AndroidManifest.xml:35:13-37
72            android:label=""
72-->[com.firebaseui:firebase-ui-auth:6.1.0] AndroidManifest.xml:36:13-29
73            android:theme="@style/FirebaseUI.Transparent" />
73-->[com.firebaseui:firebase-ui-auth:6.1.0] AndroidManifest.xml:37:13-58
74        <activity
74-->[com.firebaseui:firebase-ui-auth:6.1.0] AndroidManifest.xml:38:9-42:58
75            android:name="com.firebase.ui.auth.ui.email.RecoverPasswordActivity"
75-->[com.firebaseui:firebase-ui-auth:6.1.0] AndroidManifest.xml:39:13-81
76            android:exported="false"
76-->[com.firebaseui:firebase-ui-auth:6.1.0] AndroidManifest.xml:40:13-37
77            android:label="@string/fui_title_recover_password_activity"
77-->[com.firebaseui:firebase-ui-auth:6.1.0] AndroidManifest.xml:41:13-72
78            android:windowSoftInputMode="adjustResize" />
78-->[com.firebaseui:firebase-ui-auth:6.1.0] AndroidManifest.xml:42:13-55
79        <activity
79-->[com.firebaseui:firebase-ui-auth:6.1.0] AndroidManifest.xml:43:9-47:58
80            android:name="com.firebase.ui.auth.ui.email.EmailActivity"
80-->[com.firebaseui:firebase-ui-auth:6.1.0] AndroidManifest.xml:44:13-71
81            android:exported="false"
81-->[com.firebaseui:firebase-ui-auth:6.1.0] AndroidManifest.xml:45:13-37
82            android:label="@string/fui_sign_in_default"
82-->[com.firebaseui:firebase-ui-auth:6.1.0] AndroidManifest.xml:46:13-56
83            android:windowSoftInputMode="adjustResize" />
83-->[com.firebaseui:firebase-ui-auth:6.1.0] AndroidManifest.xml:47:13-55
84        <activity
84-->[com.firebaseui:firebase-ui-auth:6.1.0] AndroidManifest.xml:48:9-52:77
85            android:name="com.firebase.ui.auth.ui.phone.PhoneActivity"
85-->[com.firebaseui:firebase-ui-auth:6.1.0] AndroidManifest.xml:49:13-71
86            android:exported="false"
86-->[com.firebaseui:firebase-ui-auth:6.1.0] AndroidManifest.xml:50:13-37
87            android:label="@string/fui_sign_in_with_phone_number"
87-->[com.firebaseui:firebase-ui-auth:6.1.0] AndroidManifest.xml:51:13-66
88            android:windowSoftInputMode="adjustResize|stateAlwaysVisible" />
88-->[com.firebaseui:firebase-ui-auth:6.1.0] AndroidManifest.xml:52:13-74
89        <activity
89-->[com.firebaseui:firebase-ui-auth:6.1.0] AndroidManifest.xml:53:9-57:58
90            android:name="com.firebase.ui.auth.ui.idp.WelcomeBackIdpPrompt"
90-->[com.firebaseui:firebase-ui-auth:6.1.0] AndroidManifest.xml:54:13-76
91            android:exported="false"
91-->[com.firebaseui:firebase-ui-auth:6.1.0] AndroidManifest.xml:55:13-37
92            android:label="@string/fui_title_welcome_back_idp_prompt"
92-->[com.firebaseui:firebase-ui-auth:6.1.0] AndroidManifest.xml:56:13-70
93            android:windowSoftInputMode="adjustResize" />
93-->[com.firebaseui:firebase-ui-auth:6.1.0] AndroidManifest.xml:57:13-55
94        <activity
94-->[com.firebaseui:firebase-ui-auth:6.1.0] AndroidManifest.xml:58:9-62:58
95            android:name="com.firebase.ui.auth.ui.email.WelcomeBackPasswordPrompt"
95-->[com.firebaseui:firebase-ui-auth:6.1.0] AndroidManifest.xml:59:13-83
96            android:exported="false"
96-->[com.firebaseui:firebase-ui-auth:6.1.0] AndroidManifest.xml:60:13-37
97            android:label="@string/fui_title_welcome_back_password_prompt"
97-->[com.firebaseui:firebase-ui-auth:6.1.0] AndroidManifest.xml:61:13-75
98            android:windowSoftInputMode="adjustResize" />
98-->[com.firebaseui:firebase-ui-auth:6.1.0] AndroidManifest.xml:62:13-55
99        <activity
99-->[com.firebaseui:firebase-ui-auth:6.1.0] AndroidManifest.xml:63:9-67:58
100            android:name="com.firebase.ui.auth.ui.email.WelcomeBackEmailLinkPrompt"
100-->[com.firebaseui:firebase-ui-auth:6.1.0] AndroidManifest.xml:64:13-84
101            android:exported="false"
101-->[com.firebaseui:firebase-ui-auth:6.1.0] AndroidManifest.xml:65:13-37
102            android:label="@string/fui_title_welcome_back_password_prompt"
102-->[com.firebaseui:firebase-ui-auth:6.1.0] AndroidManifest.xml:66:13-75
103            android:windowSoftInputMode="adjustResize" />
103-->[com.firebaseui:firebase-ui-auth:6.1.0] AndroidManifest.xml:67:13-55
104        <activity
104-->[com.firebaseui:firebase-ui-auth:6.1.0] AndroidManifest.xml:68:9-73:58
105            android:name="com.firebase.ui.auth.ui.email.EmailLinkCatcherActivity"
105-->[com.firebaseui:firebase-ui-auth:6.1.0] AndroidManifest.xml:69:13-82
106            android:exported="false"
106-->[com.firebaseui:firebase-ui-auth:6.1.0] AndroidManifest.xml:70:13-37
107            android:label=""
107-->[com.firebaseui:firebase-ui-auth:6.1.0] AndroidManifest.xml:71:13-29
108            android:theme="@style/FirebaseUI.Transparent"
108-->[com.firebaseui:firebase-ui-auth:6.1.0] AndroidManifest.xml:72:13-58
109            android:windowSoftInputMode="adjustResize" />
109-->[com.firebaseui:firebase-ui-auth:6.1.0] AndroidManifest.xml:73:13-55
110        <activity
110-->[com.firebaseui:firebase-ui-auth:6.1.0] AndroidManifest.xml:74:9-78:58
111            android:name="com.firebase.ui.auth.ui.email.EmailLinkErrorRecoveryActivity"
111-->[com.firebaseui:firebase-ui-auth:6.1.0] AndroidManifest.xml:75:13-88
112            android:exported="false"
112-->[com.firebaseui:firebase-ui-auth:6.1.0] AndroidManifest.xml:76:13-37
113            android:label="@string/fui_sign_in_default"
113-->[com.firebaseui:firebase-ui-auth:6.1.0] AndroidManifest.xml:77:13-56
114            android:windowSoftInputMode="adjustResize" />
114-->[com.firebaseui:firebase-ui-auth:6.1.0] AndroidManifest.xml:78:13-55
115        <activity
115-->[com.firebaseui:firebase-ui-auth:6.1.0] AndroidManifest.xml:79:9-82:65
116            android:name="com.firebase.ui.auth.ui.idp.AuthMethodPickerActivity"
116-->[com.firebaseui:firebase-ui-auth:6.1.0] AndroidManifest.xml:80:13-80
117            android:exported="false"
117-->[com.firebaseui:firebase-ui-auth:6.1.0] AndroidManifest.xml:81:13-37
118            android:label="@string/fui_default_toolbar_title" />
118-->[com.firebaseui:firebase-ui-auth:6.1.0] AndroidManifest.xml:82:13-62
119        <activity
119-->[com.firebaseui:firebase-ui-auth:6.1.0] AndroidManifest.xml:83:9-87:48
120            android:name="com.facebook.FacebookActivity"
120-->[com.firebaseui:firebase-ui-auth:6.1.0] AndroidManifest.xml:84:13-57
121            android:configChanges="keyboard|keyboardHidden|screenLayout|screenSize|orientation"
121-->[com.firebaseui:firebase-ui-auth:6.1.0] AndroidManifest.xml:85:13-96
122            android:label="@string/app_name" />
122-->[com.firebaseui:firebase-ui-auth:6.1.0] AndroidManifest.xml:86:13-45
123        <activity
123-->[com.firebaseui:firebase-ui-auth:6.1.0] AndroidManifest.xml:88:9-100:20
124            android:name="com.facebook.CustomTabActivity"
124-->[com.firebaseui:firebase-ui-auth:6.1.0] AndroidManifest.xml:89:13-58
125            android:exported="true" >
125-->[com.firebaseui:firebase-ui-auth:6.1.0] AndroidManifest.xml:90:13-36
126            <intent-filter>
126-->[com.firebaseui:firebase-ui-auth:6.1.0] AndroidManifest.xml:92:13-99:29
127                <action android:name="android.intent.action.VIEW" />
127-->[com.firebaseui:firebase-ui-auth:6.1.0] AndroidManifest.xml:93:17-69
127-->[com.firebaseui:firebase-ui-auth:6.1.0] AndroidManifest.xml:93:25-66
128
129                <category android:name="android.intent.category.DEFAULT" />
129-->[com.firebaseui:firebase-ui-auth:6.1.0] AndroidManifest.xml:95:17-76
129-->[com.firebaseui:firebase-ui-auth:6.1.0] AndroidManifest.xml:95:27-73
130                <category android:name="android.intent.category.BROWSABLE" />
130-->[com.firebaseui:firebase-ui-auth:6.1.0] AndroidManifest.xml:96:17-78
130-->[com.firebaseui:firebase-ui-auth:6.1.0] AndroidManifest.xml:96:27-75
131
132                <data android:scheme="@string/facebook_login_protocol_scheme" />
132-->[com.firebaseui:firebase-ui-auth:6.1.0] AndroidManifest.xml:98:17-81
132-->[com.firebaseui:firebase-ui-auth:6.1.0] AndroidManifest.xml:98:23-78
133            </intent-filter>
134        </activity>
135
136        <provider
136-->[com.firebaseui:firebase-ui-auth:6.1.0] AndroidManifest.xml:102:9-106:38
137            android:name="com.firebase.ui.auth.data.client.AuthUiInitProvider"
137-->[com.firebaseui:firebase-ui-auth:6.1.0] AndroidManifest.xml:103:13-79
138            android:authorities="com.example.dona.authuiinitprovider"
138-->[com.firebaseui:firebase-ui-auth:6.1.0] AndroidManifest.xml:104:13-70
139            android:exported="false"
139-->[com.firebaseui:firebase-ui-auth:6.1.0] AndroidManifest.xml:105:13-37
140            android:initOrder="90" />
140-->[com.firebaseui:firebase-ui-auth:6.1.0] AndroidManifest.xml:106:13-35
141
142        <service
142-->[com.google.firebase:firebase-database-ktx:20.0.3] AndroidManifest.xml:12:9-18:19
143            android:name="com.google.firebase.components.ComponentDiscoveryService"
143-->[com.google.firebase:firebase-database-ktx:20.0.3] AndroidManifest.xml:13:13-84
144            android:directBootAware="true"
144-->[com.google.firebase:firebase-common:20.0.0] AndroidManifest.xml:35:13-43
145            android:exported="false" >
145-->[com.google.firebase:firebase-database-ktx:20.0.3] AndroidManifest.xml:14:13-37
146            <meta-data
146-->[com.google.firebase:firebase-database-ktx:20.0.3] AndroidManifest.xml:15:13-17:85
147                android:name="com.google.firebase.components:com.google.firebase.database.ktx.FirebaseDatabaseKtxRegistrar"
147-->[com.google.firebase:firebase-database-ktx:20.0.3] AndroidManifest.xml:16:17-124
148                android:value="com.google.firebase.components.ComponentRegistrar" />
148-->[com.google.firebase:firebase-database-ktx:20.0.3] AndroidManifest.xml:17:17-82
149            <meta-data
149-->[com.google.firebase:firebase-analytics-ktx:20.0.0] AndroidManifest.xml:11:13-13:85
150                android:name="com.google.firebase.components:com.google.firebase.analytics.ktx.FirebaseAnalyticsKtxRegistrar"
150-->[com.google.firebase:firebase-analytics-ktx:20.0.0] AndroidManifest.xml:12:17-126
151                android:value="com.google.firebase.components.ComponentRegistrar" />
151-->[com.google.firebase:firebase-analytics-ktx:20.0.0] AndroidManifest.xml:13:17-82
152            <meta-data
152-->[com.google.firebase:firebase-auth:21.0.1] AndroidManifest.xml:77:13-79:85
153                android:name="com.google.firebase.components:com.google.firebase.auth.FirebaseAuthRegistrar"
153-->[com.google.firebase:firebase-auth:21.0.1] AndroidManifest.xml:78:17-109
154                android:value="com.google.firebase.components.ComponentRegistrar" />
154-->[com.google.firebase:firebase-auth:21.0.1] AndroidManifest.xml:79:17-82
155            <meta-data
155-->[com.google.firebase:firebase-firestore-ktx:24.0.0] AndroidManifest.xml:15:13-17:85
156                android:name="com.google.firebase.components:com.google.firebase.firestore.ktx.FirebaseFirestoreKtxRegistrar"
156-->[com.google.firebase:firebase-firestore-ktx:24.0.0] AndroidManifest.xml:16:17-126
157                android:value="com.google.firebase.components.ComponentRegistrar" />
157-->[com.google.firebase:firebase-firestore-ktx:24.0.0] AndroidManifest.xml:17:17-82
158            <meta-data
158-->[com.google.firebase:firebase-firestore:24.0.0] AndroidManifest.xml:20:13-22:85
159                android:name="com.google.firebase.components:com.google.firebase.firestore.FirestoreRegistrar"
159-->[com.google.firebase:firebase-firestore:24.0.0] AndroidManifest.xml:21:17-111
160                android:value="com.google.firebase.components.ComponentRegistrar" />
160-->[com.google.firebase:firebase-firestore:24.0.0] AndroidManifest.xml:22:17-82
161            <meta-data
161-->[com.google.firebase:firebase-common-ktx:20.0.0] AndroidManifest.xml:15:13-17:85
162                android:name="com.google.firebase.components:com.google.firebase.ktx.FirebaseCommonKtxRegistrar"
162-->[com.google.firebase:firebase-common-ktx:20.0.0] AndroidManifest.xml:16:17-113
163                android:value="com.google.firebase.components.ComponentRegistrar" />
163-->[com.google.firebase:firebase-common-ktx:20.0.0] AndroidManifest.xml:17:17-82
164            <meta-data
164-->[com.google.firebase:firebase-database:20.0.3] AndroidManifest.xml:32:13-34:85
165                android:name="com.google.firebase.components:com.google.firebase.database.DatabaseRegistrar"
165-->[com.google.firebase:firebase-database:20.0.3] AndroidManifest.xml:33:17-109
166                android:value="com.google.firebase.components.ComponentRegistrar" />
166-->[com.google.firebase:firebase-database:20.0.3] AndroidManifest.xml:34:17-82
167            <meta-data
167-->[com.google.android.gms:play-services-measurement-api:20.0.0] AndroidManifest.xml:30:13-32:85
168                android:name="com.google.firebase.components:com.google.firebase.analytics.connector.internal.AnalyticsConnectorRegistrar"
168-->[com.google.android.gms:play-services-measurement-api:20.0.0] AndroidManifest.xml:31:17-139
169                android:value="com.google.firebase.components.ComponentRegistrar" />
169-->[com.google.android.gms:play-services-measurement-api:20.0.0] AndroidManifest.xml:32:17-82
170            <meta-data
170-->[com.google.firebase:firebase-installations:17.0.0] AndroidManifest.xml:18:13-20:85
171                android:name="com.google.firebase.components:com.google.firebase.installations.FirebaseInstallationsRegistrar"
171-->[com.google.firebase:firebase-installations:17.0.0] AndroidManifest.xml:19:17-127
172                android:value="com.google.firebase.components.ComponentRegistrar" />
172-->[com.google.firebase:firebase-installations:17.0.0] AndroidManifest.xml:20:17-82
173        </service>
174
175        <activity
175-->[com.google.firebase:firebase-auth:21.0.1] AndroidManifest.xml:27:9-44:20
176            android:name="com.google.firebase.auth.internal.GenericIdpActivity"
176-->[com.google.firebase:firebase-auth:21.0.1] AndroidManifest.xml:28:13-80
177            android:excludeFromRecents="true"
177-->[com.google.firebase:firebase-auth:21.0.1] AndroidManifest.xml:29:13-46
178            android:exported="true"
178-->[com.google.firebase:firebase-auth:21.0.1] AndroidManifest.xml:30:13-36
179            android:launchMode="singleTask"
179-->[com.google.firebase:firebase-auth:21.0.1] AndroidManifest.xml:31:13-44
180            android:theme="@android:style/Theme.Translucent.NoTitleBar" >
180-->[com.google.firebase:firebase-auth:21.0.1] AndroidManifest.xml:32:13-72
181            <intent-filter>
181-->[com.google.firebase:firebase-auth:21.0.1] AndroidManifest.xml:33:13-43:29
182                <action android:name="android.intent.action.VIEW" />
182-->[com.firebaseui:firebase-ui-auth:6.1.0] AndroidManifest.xml:93:17-69
182-->[com.firebaseui:firebase-ui-auth:6.1.0] AndroidManifest.xml:93:25-66
183
184                <category android:name="android.intent.category.DEFAULT" />
184-->[com.firebaseui:firebase-ui-auth:6.1.0] AndroidManifest.xml:95:17-76
184-->[com.firebaseui:firebase-ui-auth:6.1.0] AndroidManifest.xml:95:27-73
185                <category android:name="android.intent.category.BROWSABLE" />
185-->[com.firebaseui:firebase-ui-auth:6.1.0] AndroidManifest.xml:96:17-78
185-->[com.firebaseui:firebase-ui-auth:6.1.0] AndroidManifest.xml:96:27-75
186
187                <data
187-->[com.firebaseui:firebase-ui-auth:6.1.0] AndroidManifest.xml:98:17-81
188                    android:host="firebase.auth"
189                    android:path="/"
190                    android:scheme="genericidp" />
190-->[com.firebaseui:firebase-ui-auth:6.1.0] AndroidManifest.xml:98:23-78
191            </intent-filter>
192        </activity>
193        <activity
193-->[com.google.firebase:firebase-auth:21.0.1] AndroidManifest.xml:45:9-62:20
194            android:name="com.google.firebase.auth.internal.RecaptchaActivity"
194-->[com.google.firebase:firebase-auth:21.0.1] AndroidManifest.xml:46:13-79
195            android:excludeFromRecents="true"
195-->[com.google.firebase:firebase-auth:21.0.1] AndroidManifest.xml:47:13-46
196            android:exported="true"
196-->[com.google.firebase:firebase-auth:21.0.1] AndroidManifest.xml:48:13-36
197            android:launchMode="singleTask"
197-->[com.google.firebase:firebase-auth:21.0.1] AndroidManifest.xml:49:13-44
198            android:theme="@android:style/Theme.Translucent.NoTitleBar" >
198-->[com.google.firebase:firebase-auth:21.0.1] AndroidManifest.xml:50:13-72
199            <intent-filter>
199-->[com.google.firebase:firebase-auth:21.0.1] AndroidManifest.xml:51:13-61:29
200                <action android:name="android.intent.action.VIEW" />
200-->[com.firebaseui:firebase-ui-auth:6.1.0] AndroidManifest.xml:93:17-69
200-->[com.firebaseui:firebase-ui-auth:6.1.0] AndroidManifest.xml:93:25-66
201
202                <category android:name="android.intent.category.DEFAULT" />
202-->[com.firebaseui:firebase-ui-auth:6.1.0] AndroidManifest.xml:95:17-76
202-->[com.firebaseui:firebase-ui-auth:6.1.0] AndroidManifest.xml:95:27-73
203                <category android:name="android.intent.category.BROWSABLE" />
203-->[com.firebaseui:firebase-ui-auth:6.1.0] AndroidManifest.xml:96:17-78
203-->[com.firebaseui:firebase-ui-auth:6.1.0] AndroidManifest.xml:96:27-75
204
205                <data
205-->[com.firebaseui:firebase-ui-auth:6.1.0] AndroidManifest.xml:98:17-81
206                    android:host="firebase.auth"
207                    android:path="/"
208                    android:scheme="recaptcha" />
208-->[com.firebaseui:firebase-ui-auth:6.1.0] AndroidManifest.xml:98:23-78
209            </intent-filter>
210        </activity>
211
212        <service
212-->[com.google.firebase:firebase-auth:21.0.1] AndroidManifest.xml:64:9-73:19
213            android:name="com.google.firebase.auth.api.fallback.service.FirebaseAuthFallbackService"
213-->[com.google.firebase:firebase-auth:21.0.1] AndroidManifest.xml:65:13-101
214            android:enabled="true"
214-->[com.google.firebase:firebase-auth:21.0.1] AndroidManifest.xml:66:13-35
215            android:exported="false" >
215-->[com.google.firebase:firebase-auth:21.0.1] AndroidManifest.xml:67:13-37
216            <intent-filter>
216-->[com.google.firebase:firebase-auth:21.0.1] AndroidManifest.xml:68:13-72:29
217                <action android:name="com.google.firebase.auth.api.gms.service.START" />
217-->[com.google.firebase:firebase-auth:21.0.1] AndroidManifest.xml:69:17-89
217-->[com.google.firebase:firebase-auth:21.0.1] AndroidManifest.xml:69:25-86
218
219                <category android:name="android.intent.category.DEFAULT" />
219-->[com.firebaseui:firebase-ui-auth:6.1.0] AndroidManifest.xml:95:17-76
219-->[com.firebaseui:firebase-ui-auth:6.1.0] AndroidManifest.xml:95:27-73
220            </intent-filter>
221        </service>
222
223        <activity
223-->[com.google.android.gms:play-services-auth:19.2.0] AndroidManifest.xml:23:9-27:75
224            android:name="com.google.android.gms.auth.api.signin.internal.SignInHubActivity"
224-->[com.google.android.gms:play-services-auth:19.2.0] AndroidManifest.xml:24:13-93
225            android:excludeFromRecents="true"
225-->[com.google.android.gms:play-services-auth:19.2.0] AndroidManifest.xml:25:13-46
226            android:exported="false"
226-->[com.google.android.gms:play-services-auth:19.2.0] AndroidManifest.xml:26:13-37
227            android:theme="@android:style/Theme.Translucent.NoTitleBar" />
227-->[com.google.android.gms:play-services-auth:19.2.0] AndroidManifest.xml:27:13-72
228        <!--
229            Service handling Google Sign-In user revocation. For apps that do not integrate with
230            Google Sign-In, this service will never be started.
231        -->
232        <service
232-->[com.google.android.gms:play-services-auth:19.2.0] AndroidManifest.xml:33:9-37:51
233            android:name="com.google.android.gms.auth.api.signin.RevocationBoundService"
233-->[com.google.android.gms:play-services-auth:19.2.0] AndroidManifest.xml:34:13-89
234            android:exported="true"
234-->[com.google.android.gms:play-services-auth:19.2.0] AndroidManifest.xml:35:13-36
235            android:permission="com.google.android.gms.auth.api.signin.permission.REVOCATION_NOTIFICATION"
235-->[com.google.android.gms:play-services-auth:19.2.0] AndroidManifest.xml:36:13-107
236            android:visibleToInstantApps="true" />
236-->[com.google.android.gms:play-services-auth:19.2.0] AndroidManifest.xml:37:13-48
237
238        <provider
238-->[com.google.firebase:firebase-common:20.0.0] AndroidManifest.xml:26:9-31:39
239            android:name="com.google.firebase.provider.FirebaseInitProvider"
239-->[com.google.firebase:firebase-common:20.0.0] AndroidManifest.xml:27:13-77
240            android:authorities="com.example.dona.firebaseinitprovider"
240-->[com.google.firebase:firebase-common:20.0.0] AndroidManifest.xml:28:13-72
241            android:directBootAware="true"
241-->[com.google.firebase:firebase-common:20.0.0] AndroidManifest.xml:29:13-43
242            android:exported="false"
242-->[com.google.firebase:firebase-common:20.0.0] AndroidManifest.xml:30:13-37
243            android:initOrder="100" />
243-->[com.google.firebase:firebase-common:20.0.0] AndroidManifest.xml:31:13-36
244
245        <activity
245-->[com.google.android.gms:play-services-base:17.5.0] AndroidManifest.xml:23:9-26:75
246            android:name="com.google.android.gms.common.api.GoogleApiActivity"
246-->[com.google.android.gms:play-services-base:17.5.0] AndroidManifest.xml:24:13-79
247            android:exported="false"
247-->[com.google.android.gms:play-services-base:17.5.0] AndroidManifest.xml:25:13-37
248            android:theme="@android:style/Theme.Translucent.NoTitleBar" />
248-->[com.google.android.gms:play-services-base:17.5.0] AndroidManifest.xml:26:13-72
249
250        <receiver
250-->[com.google.android.gms:play-services-measurement:20.0.0] AndroidManifest.xml:29:9-33:20
251            android:name="com.google.android.gms.measurement.AppMeasurementReceiver"
251-->[com.google.android.gms:play-services-measurement:20.0.0] AndroidManifest.xml:30:13-85
252            android:enabled="true"
252-->[com.google.android.gms:play-services-measurement:20.0.0] AndroidManifest.xml:31:13-35
253            android:exported="false" >
253-->[com.google.android.gms:play-services-measurement:20.0.0] AndroidManifest.xml:32:13-37
254        </receiver>
255
256        <service
256-->[com.google.android.gms:play-services-measurement:20.0.0] AndroidManifest.xml:35:9-38:40
257            android:name="com.google.android.gms.measurement.AppMeasurementService"
257-->[com.google.android.gms:play-services-measurement:20.0.0] AndroidManifest.xml:36:13-84
258            android:enabled="true"
258-->[com.google.android.gms:play-services-measurement:20.0.0] AndroidManifest.xml:37:13-35
259            android:exported="false" />
259-->[com.google.android.gms:play-services-measurement:20.0.0] AndroidManifest.xml:38:13-37
260        <service
260-->[com.google.android.gms:play-services-measurement:20.0.0] AndroidManifest.xml:39:9-43:72
261            android:name="com.google.android.gms.measurement.AppMeasurementJobService"
261-->[com.google.android.gms:play-services-measurement:20.0.0] AndroidManifest.xml:40:13-87
262            android:enabled="true"
262-->[com.google.android.gms:play-services-measurement:20.0.0] AndroidManifest.xml:41:13-35
263            android:exported="false"
263-->[com.google.android.gms:play-services-measurement:20.0.0] AndroidManifest.xml:42:13-37